# JRE version: Java(TM) SE Runtime Environment (8.0_201-b09) (build 1.8.0_201-b09)
# Java VM: Java HotSpot(TM) 64-Bit Server VM (25.201-b09 mixed mode windows-amd64 compressed oops)
Heap:
 PSYoungGen      total 321024K, used 130059K [0x00000000d5580000, 0x00000000ea480000, 0x0000000100000000)
  eden space 306688K, 37% used [0x00000000d5580000,0x00000000dc689800,0x00000000e8100000)
  from space 14336K, 99% used [0x00000000e9680000,0x00000000ea479738,0x00000000ea480000)
  to   space 16384K, 0% used [0x00000000e8480000,0x00000000e8480000,0x00000000e9480000)
 ParOldGen       total 77824K, used 16134K [0x0000000080000000, 0x0000000084c00000, 0x00000000d5580000)
  object space 77824K, 20% used [0x0000000080000000,0x0000000080fc19b8,0x0000000084c00000)
 Metaspace       used 56051K, capacity 58614K, committed 59008K, reserved 1099776K
  class space    used 7764K, capacity 8236K, committed 8320K, reserved 1048576K
GC Heap History (10 events):
Event: 4.648 GC heap before
{Heap before GC invocations=8 (full 1):
 PSYoungGen      total 143360K, used 132096K [0x00000000d5580000, 0x00000000def80000, 0x0000000100000000)
  eden space 132096K, 100% used [0x00000000d5580000,0x00000000dd680000,0x00000000dd680000)
  from space 11264K, 0% used [0x00000000de280000,0x00000000de280000,0x00000000ded80000)
  to   space 12288K, 0% used [0x00000000dd680000,0x00000000dd680000,0x00000000de280000)
 ParOldGen       total 54272K, used 8375K [0x0000000080000000, 0x0000000083500000, 0x00000000d5580000)
  object space 54272K, 15% used [0x0000000080000000,0x000000008082dc30,0x0000000083500000)
 Metaspace       used 25475K, capacity 26518K, committed 26624K, reserved 1073152K
  class space    used 3273K, capacity 3490K, committed 3584K, reserved 1048576K
Event: 4.679 GC heap after
Heap after GC invocations=8 (full 1):
 PSYoungGen      total 144384K, used 8644K [0x00000000d5580000, 0x00000000e4e80000, 0x0000000100000000)
  eden space 132096K, 0% used [0x00000000d5580000,0x00000000d5580000,0x00000000dd680000)
  from space 12288K, 70% used [0x00000000dd680000,0x00000000ddef1308,0x00000000de280000)
  to   space 12800K, 0% used [0x00000000e4200000,0x00000000e4200000,0x00000000e4e80000)
 ParOldGen       total 54272K, used 8375K [0x0000000080000000, 0x0000000083500000, 0x00000000d5580000)
  object space 54272K, 15% used [0x0000000080000000,0x000000008082dc30,0x0000000083500000)
 Metaspace       used 25475K, capacity 26518K, committed 26624K, reserved 1073152K
  class space    used 3273K, capacity 3490K, committed 3584K, reserved 1048576K
}
Event: 6.189 GC heap before
{Heap before GC invocations=9 (full 1):
 PSYoungGen      total 144384K, used 140740K [0x00000000d5580000, 0x00000000e4e80000, 0x0000000100000000)
  eden space 132096K, 100% used [0x00000000d5580000,0x00000000dd680000,0x00000000dd680000)
  from space 12288K, 70% used [0x00000000dd680000,0x00000000ddef1308,0x00000000de280000)
  to   space 12800K, 0% used [0x00000000e4200000,0x00000000e4200000,0x00000000e4e80000)
 ParOldGen       total 54272K, used 8375K [0x0000000080000000, 0x0000000083500000, 0x00000000d5580000)
  object space 54272K, 15% used [0x0000000080000000,0x000000008082dc30,0x0000000083500000)
 Metaspace       used 29761K, capacity 31244K, committed 31488K, reserved 1077248K
  class space    used 4011K, capacity 4317K, committed 4352K, reserved 1048576K
Event: 6.206 GC heap after
Heap after GC invocations=9 (full 1):
 PSYoungGen      total 235008K, used 10890K [0x00000000d5580000, 0x00000000e4d00000, 0x0000000100000000)
  eden space 223744K, 0% used [0x00000000d5580000,0x00000000d5580000,0x00000000e3000000)
  from space 11264K, 96% used [0x00000000e4200000,0x00000000e4ca2bb0,0x00000000e4d00000)
  to   space 13824K, 0% used [0x00000000e3200000,0x00000000e3200000,0x00000000e3f80000)
 ParOldGen       total 54272K, used 8383K [0x0000000080000000, 0x0000000083500000, 0x00000000d5580000)
  object space 54272K, 15% used [0x0000000080000000,0x000000008082fc30,0x0000000083500000)
 Metaspace       used 29761K, capacity 31244K, committed 31488K, reserved 1077248K
  class space    used 4011K, capacity 4317K, committed 4352K, reserved 1048576K
}
Event: 7.645 GC heap before
{Heap before GC invocations=10 (full 1):
 PSYoungGen      total 235008K, used 74168K [0x00000000d5580000, 0x00000000e4d00000, 0x0000000100000000)
  eden space 223744K, 28% used [0x00000000d5580000,0x00000000d934b750,0x00000000e3000000)
  from space 11264K, 96% used [0x00000000e4200000,0x00000000e4ca2bb0,0x00000000e4d00000)
  to   space 13824K, 0% used [0x00000000e3200000,0x00000000e3200000,0x00000000e3f80000)
 ParOldGen       total 54272K, used 8383K [0x0000000080000000, 0x0000000083500000, 0x00000000d5580000)
  object space 54272K, 15% used [0x0000000080000000,0x000000008082fc30,0x0000000083500000)
 Metaspace       used 33407K, capacity 35346K, committed 35456K, reserved 1079296K
  class space    used 4552K, capacity 4911K, committed 4992K, reserved 1048576K
Event: 7.677 GC heap after
Heap after GC invocations=10 (full 1):
 PSYoungGen      total 239616K, used 10550K [0x00000000d5580000, 0x00000000ea480000, 0x0000000100000000)
  eden space 225792K, 0% used [0x00000000d5580000,0x00000000d5580000,0x00000000e3200000)
  from space 13824K, 76% used [0x00000000e3200000,0x00000000e3c4d990,0x00000000e3f80000)
  to   space 14336K, 0% used [0x00000000e9680000,0x00000000e9680000,0x00000000ea480000)
 ParOldGen       total 54272K, used 8391K [0x0000000080000000, 0x0000000083500000, 0x00000000d5580000)
  object space 54272K, 15% used [0x0000000080000000,0x0000000080831c30,0x0000000083500000)
 Metaspace       used 33407K, capacity 35346K, committed 35456K, reserved 1079296K
  class space    used 4552K, capacity 4911K, committed 4992K, reserved 1048576K
}
Event: 7.677 GC heap before
{Heap before GC invocations=11 (full 2):
 PSYoungGen      total 239616K, used 10550K [0x00000000d5580000, 0x00000000ea480000, 0x0000000100000000)
  eden space 225792K, 0% used [0x00000000d5580000,0x00000000d5580000,0x00000000e3200000)
  from space 13824K, 76% used [0x00000000e3200000,0x00000000e3c4d990,0x00000000e3f80000)
  to   space 14336K, 0% used [0x00000000e9680000,0x00000000e9680000,0x00000000ea480000)
 ParOldGen       total 54272K, used 8391K [0x0000000080000000, 0x0000000083500000, 0x00000000d5580000)
  object space 54272K, 15% used [0x0000000080000000,0x0000000080831c30,0x0000000083500000)
 Metaspace       used 33407K, capacity 35346K, committed 35456K, reserved 1079296K
  class space    used 4552K, capacity 4911K, committed 4992K, reserved 1048576K
Event: 7.792 GC heap after
Heap after GC invocations=11 (full 2):
 PSYoungGen      total 239616K, used 0K [0x00000000d5580000, 0x00000000ea480000, 0x0000000100000000)
  eden space 225792K, 0% used [0x00000000d5580000,0x00000000d5580000,0x00000000e3200000)
  from space 13824K, 0% used [0x00000000e3200000,0x00000000e3200000,0x00000000e3f80000)
  to   space 14336K, 0% used [0x00000000e9680000,0x00000000e9680000,0x00000000ea480000)
 ParOldGen       total 77824K, used 15673K [0x0000000080000000, 0x0000000084c00000, 0x00000000d5580000)
  object space 77824K, 20% used [0x0000000080000000,0x0000000080f4e428,0x0000000084c00000)
 Metaspace       used 33407K, capacity 35346K, committed 35456K, reserved 1079296K
  class space    used 4552K, capacity 4911K, committed 4992K, reserved 1048576K
}
Event: 10.675 GC heap before
{Heap before GC invocations=12 (full 2):
 PSYoungGen      total 239616K, used 225792K [0x00000000d5580000, 0x00000000ea480000, 0x0000000100000000)
  eden space 225792K, 100% used [0x00000000d5580000,0x00000000e3200000,0x00000000e3200000)
  from space 13824K, 0% used [0x00000000e3200000,0x00000000e3200000,0x00000000e3f80000)
  to   space 14336K, 0% used [0x00000000e9680000,0x00000000e9680000,0x00000000ea480000)
 ParOldGen       total 77824K, used 15673K [0x0000000080000000, 0x0000000084c00000, 0x00000000d5580000)
  object space 77824K, 20% used [0x0000000080000000,0x0000000080f4e428,0x0000000084c00000)
 Metaspace       used 43817K, capacity 46162K, committed 46464K, reserved 1089536K
  class space    used 6072K, capacity 6481K, committed 6528K, reserved 1048576K
Event: 10.763 GC heap after
Heap after GC invocations=12 (full 2):
 PSYoungGen      total 321024K, used 14309K [0x00000000d5580000, 0x00000000ea480000, 0x0000000100000000)
  eden space 306688K, 0% used [0x00000000d5580000,0x00000000d5580000,0x00000000e8100000)
  from space 14336K, 99% used [0x00000000e9680000,0x00000000ea479738,0x00000000ea480000)
  to   space 16384K, 0% used [0x00000000e8480000,0x00000000e8480000,0x00000000e9480000)
 ParOldGen       total 77824K, used 16134K [0x0000000080000000, 0x0000000084c00000, 0x00000000d5580000)
  object space 77824K, 20% used [0x0000000080000000,0x0000000080fc19b8,0x0000000084c00000)
 Metaspace       used 43817K, capacity 46162K, committed 46464K, reserved 1089536K
  class space    used 6072K, capacity 6481K, committed 6528K, reserved 1048576K
}

